<?xml version="1.0" encoding="UTF-8"?>
<!-- Generated by org.testng.reporters.JUnitXMLReporter -->
<testsuite ignored="0" hostname="Fatimas-MBP" failures="0" tests="4" name="Default test" time="0.106" errors="0" timestamp="19 May 2020 04:14:07 GMT">
  <testcase classname="com.qa.tests.DemoTest" name="div" time="0.03"/>
  <testcase classname="com.qa.tests.DemoTest" name="multi" time="0.01"/>
  <testcase classname="com.qa.tests.DemoTest" name="sub" time="0.005"/>
  <testcase classname="com.qa.tests.DemoTest" name="sum" time="0.007"/>
</testsuite> <!-- Default test -->
