<?xml version="1.0" encoding="UTF-8"?>
<testng-results ignored="0" total="4" passed="4" failed="0" skipped="0">
  <reporter-output>
  </reporter-output>
  <suite started-at="2020-05-19T05:20:43Z" name="Surefire suite" finished-at="2020-05-19T05:20:43Z" duration-ms="62">
    <groups>
    </groups>
    <test started-at="2020-05-19T05:20:43Z" name="Surefire test" finished-at="2020-05-19T05:20:43Z" duration-ms="62">
      <class name="com.qa.tests.DemoTest">
        <test-method signature="div()[pri:0, instance:com.qa.tests.DemoTest@25d250c6]" started-at="2020-05-19T05:20:43Z" name="div" finished-at="2020-05-19T05:20:43Z" duration-ms="11" status="PASS">
          <reporter-output>
          </reporter-output>
        </test-method> <!-- div -->
        <test-method signature="multi()[pri:0, instance:com.qa.tests.DemoTest@25d250c6]" started-at="2020-05-19T05:20:43Z" name="multi" finished-at="2020-05-19T05:20:43Z" duration-ms="1" status="PASS">
          <reporter-output>
          </reporter-output>
        </test-method> <!-- multi -->
        <test-method signature="sub()[pri:0, instance:com.qa.tests.DemoTest@25d250c6]" started-at="2020-05-19T05:20:43Z" name="sub" finished-at="2020-05-19T05:20:43Z" duration-ms="0" status="PASS">
          <reporter-output>
          </reporter-output>
        </test-method> <!-- sub -->
        <test-method signature="sum()[pri:0, instance:com.qa.tests.DemoTest@25d250c6]" started-at="2020-05-19T05:20:43Z" name="sum" finished-at="2020-05-19T05:20:43Z" duration-ms="0" status="PASS">
          <reporter-output>
          </reporter-output>
        </test-method> <!-- sum -->
      </class> <!-- com.qa.tests.DemoTest -->
    </test> <!-- Surefire test -->
  </suite> <!-- Surefire suite -->
</testng-results>
